#-----------------------------------------------------------
# Vivado v2017.4 (64-bit)
# SW Build 2086221 on Fri Dec 15 20:55:39 MST 2017
# IP Build 2085800 on Fri Dec 15 22:25:07 MST 2017
# Start of session at: Mon May  7 06:36:30 2018
# Process ID: 22332
# Current directory: C:/Users/User/Desktop/PROJE SON DIGILENT/digilent_project
# Command line: vivado.exe -gui_launcher_event rodinguilauncherevent7396 C:\Users\User\Desktop\PROJE SON DIGILENT\digilent_project\digilent_project.xpr
# Log file: C:/Users/User/Desktop/PROJE SON DIGILENT/digilent_project/vivado.log
# Journal file: C:/Users/User/Desktop/PROJE SON DIGILENT/digilent_project\vivado.jou
#-----------------------------------------------------------
start_gui
open_project {C:/Users/User/Desktop/PROJE SON DIGILENT/digilent_project/digilent_project.xpr}
INFO: [Project 1-313] Project file moved from 'C:/Users/Aylin Yazman/Documents/Vivado/digilent_project' since last save.
Scanning sources...
Finished scanning sources
INFO: [IP_Flow 19-234] Refreshing IP repositories
INFO: [IP_Flow 19-1704] No user IP repositories specified
INFO: [IP_Flow 19-2313] Loaded Vivado IP repository 'C:/Xilinx/Vivado/2017.4/data/ip'.
open_project: Time (s): cpu = 00:00:12 ; elapsed = 00:00:07 . Memory (MB): peak = 799.578 ; gain = 109.633
update_compile_order -fileset sources_1
exit
INFO: [Common 17-206] Exiting Vivado at Mon May  7 06:39:01 2018...
