Copyright 1986-2017 Xilinx, Inc. All Rights Reserved.
-------------------------------------------------------------------------------------------------------------------------------------------
| Tool Version     : Vivado v.2017.4 (win64) Build 2086221 Fri Dec 15 20:55:39 MST 2017
| Date             : Sun May  6 21:04:56 2018
| Host             : AylinAsus running 64-bit major release  (build 9200)
| Command          : report_power -file project_power_routed.rpt -pb project_power_summary_routed.pb -rpx project_power_routed.rpx
| Design           : project
| Device           : xc7z010clg400-1
| Design State     : routed
| Grade            : commercial
| Process          : typical
| Characterization : Production
-------------------------------------------------------------------------------------------------------------------------------------------

Power Report

Table of Contents
-----------------
1. Summary
1.1 On-Chip Components
1.2 Power Supply Summary
1.3 Confidence Level
2. Settings
2.1 Environment
2.2 Clock Constraints
3. Detailed Reports
3.1 By Hierarchy

1. Summary
----------

+--------------------------+--------------+
| Total On-Chip Power (W)  | 0.146        |
| Design Power Budget (W)  | Unspecified* |
| Power Budget Margin (W)  | NA           |
| Dynamic (W)              | 0.052        |
| Device Static (W)        | 0.093        |
| Effective TJA (C/W)      | 11.5         |
| Max Ambient (C)          | 83.3         |
| Junction Temperature (C) | 26.7         |
| Confidence Level         | Low          |
| Setting File             | ---          |
| Simulation Activity File | ---          |
| Design Nets Matched      | NA           |
+--------------------------+--------------+
* Specify Design Power Budget using, set_operating_conditions -design_power_budget <value in Watts>


1.1 On-Chip Components
----------------------

+----------------+-----------+----------+-----------+-----------------+
| On-Chip        | Power (W) | Used     | Available | Utilization (%) |
+----------------+-----------+----------+-----------+-----------------+
| Clocks         |     0.001 |        3 |       --- |             --- |
| Slice Logic    |     0.024 |     3393 |       --- |             --- |
|   LUT as Logic |     0.022 |     2217 |     17600 |           12.60 |
|   CARRY4       |     0.001 |      403 |      4400 |            9.16 |
|   Register     |    <0.001 |      238 |     35200 |            0.68 |
|   BUFG         |    <0.001 |        3 |        32 |            9.38 |
|   Others       |     0.000 |       12 |       --- |             --- |
|   F7/F8 Muxes  |     0.000 |       28 |     17600 |            0.16 |
| Signals        |     0.022 |     2640 |       --- |             --- |
| DSPs           |     0.005 |        9 |        80 |           11.25 |
| I/O            |    <0.001 |       10 |       100 |           10.00 |
| Static Power   |     0.093 |          |           |                 |
| Total          |     0.146 |          |           |                 |
+----------------+-----------+----------+-----------+-----------------+


1.2 Power Supply Summary
------------------------

+-----------+-------------+-----------+-------------+------------+
| Source    | Voltage (V) | Total (A) | Dynamic (A) | Static (A) |
+-----------+-------------+-----------+-------------+------------+
| Vccint    |       1.000 |     0.055 |       0.052 |      0.004 |
| Vccaux    |       1.800 |     0.005 |       0.000 |      0.005 |
| Vcco33    |       3.300 |     0.001 |       0.000 |      0.001 |
| Vcco25    |       2.500 |     0.000 |       0.000 |      0.000 |
| Vcco18    |       1.800 |     0.000 |       0.000 |      0.000 |
| Vcco15    |       1.500 |     0.000 |       0.000 |      0.000 |
| Vcco135   |       1.350 |     0.000 |       0.000 |      0.000 |
| Vcco12    |       1.200 |     0.000 |       0.000 |      0.000 |
| Vccaux_io |       1.800 |     0.000 |       0.000 |      0.000 |
| Vccbram   |       1.000 |     0.000 |       0.000 |      0.000 |
| MGTAVcc   |       1.000 |     0.000 |       0.000 |      0.000 |
| MGTAVtt   |       1.200 |     0.000 |       0.000 |      0.000 |
| MGTVccaux |       1.800 |     0.000 |       0.000 |      0.000 |
| Vccpint   |       1.000 |     0.017 |       0.000 |      0.017 |
| Vccpaux   |       1.800 |     0.010 |       0.000 |      0.010 |
| Vccpll    |       1.800 |     0.003 |       0.000 |      0.003 |
| Vcco_ddr  |       1.500 |     0.000 |       0.000 |      0.000 |
| Vcco_mio0 |       1.800 |     0.000 |       0.000 |      0.000 |
| Vcco_mio1 |       1.800 |     0.000 |       0.000 |      0.000 |
| Vccadc    |       1.800 |     0.020 |       0.000 |      0.020 |
+-----------+-------------+-----------+-------------+------------+


1.3 Confidence Level
--------------------

+-----------------------------+------------+-------------------------------------------------------+--------------------------------------------------------------------------------------------------------------------+
| User Input Data             | Confidence | Details                                               | Action                                                                                                             |
+-----------------------------+------------+-------------------------------------------------------+--------------------------------------------------------------------------------------------------------------------+
| Design implementation state | High       | Design is routed                                      |                                                                                                                    |
| Clock nodes activity        | Low        | User specified less than 75% of clocks                | Provide missing clock activity with a constraint file, simulation results or by editing the "By Clock Domain" view |
| I/O nodes activity          | Medium     | More than 5% of inputs are missing user specification | Provide missing input activity with simulation results or by editing the "By Resource Type -> I/Os" view           |
| Internal nodes activity     | Medium     | User specified less than 25% of internal nodes        | Provide missing internal nodes activity with simulation results or by editing the "By Resource Type" views         |
| Device models               | High       | Device models are Production                          |                                                                                                                    |
|                             |            |                                                       |                                                                                                                    |
| Overall confidence level    | Low        |                                                       |                                                                                                                    |
+-----------------------------+------------+-------------------------------------------------------+--------------------------------------------------------------------------------------------------------------------+


2. Settings
-----------

2.1 Environment
---------------

+-----------------------+------------------------+
| Ambient Temp (C)      | 25.0                   |
| ThetaJA (C/W)         | 11.5                   |
| Airflow (LFM)         | 250                    |
| Heat Sink             | none                   |
| ThetaSA (C/W)         | 0.0                    |
| Board Selection       | medium (10"x10")       |
| # of Board Layers     | 8to11 (8 to 11 Layers) |
| Board Temperature (C) | 25.0                   |
+-----------------------+------------------------+


2.2 Clock Constraints
---------------------

+-------------+------------+-----------------+
| Clock       | Domain     | Constraint (ns) |
+-------------+------------+-----------------+
| sys_clk_pin | pin_sysclk |             8.0 |
+-------------+------------+-----------------+


3. Detailed Reports
-------------------

3.1 By Hierarchy
----------------

+---------------------+-----------+
| Name                | Power (W) |
+---------------------+-----------+
| project             |     0.052 |
|   RADAR_DRIVER      |     0.032 |
|   SERVO_DRIVER      |    <0.001 |
|   ULTRASONIC_DRIVER |     0.018 |
|   VGA_DRIVER        |    <0.001 |
+---------------------+-----------+


